<?xml version="1.0" encoding="UTF-8"?>
<testsuite xmlns:xsi="http://www.w3.org/2001/XMLSchema-instance" xsi:noNamespaceSchemaLocation="https://maven.apache.org/surefire/maven-surefire-plugin/xsd/surefire-test-report.xsd" name="app.CateringApplicationTests" time="13.995" tests="1" errors="0" skipped="1" failures="0">
  <properties>
[...]
</properties>
  <testcase name="contextLoads" classname="app.CateringApplicationTests" time="0">
    <skipped message="public void app.CateringApplicationTests.contextLoads() is @Disabled"/>
    <system-out><![CDATA[01:34:28.571 [main] DEBUG org.springframework.test.context.BootstrapUtils - Instantiating CacheAwareContextLoaderDelegate from class [org.springframework.test.context.cache.DefaultCacheAwareContextLoaderDelegate]
01:34:28.636 [main] DEBUG org.springframework.test.context.BootstrapUtils - Instantiating BootstrapContext using constructor [public org.springframework.test.context.support.DefaultBootstrapContext(java.lang.Class,org.springframework.test.context.CacheAwareContextLoaderDelegate)]
01:34:28.702 [main] DEBUG org.springframework.test.context.BootstrapUtils - Instantiating TestContextBootstrapper for test class [app.CateringApplicationTests] from class [org.springframework.boot.test.context.SpringBootTestContextBootstrapper]
01:34:28.747 [main] INFO org.springframework.boot.test.context.SpringBootTestContextBootstrapper - Neither @ContextConfiguration nor @ContextHierarchy found for test class [app.CateringApplicationTests], using SpringBootContextLoader
01:34:28.757 [main] DEBUG org.springframework.test.context.support.AbstractContextLoader - Did not detect default resource location for test class [app.CateringApplicationTests]: class path resource [app/CateringApplicationTests-context.xml] does not exist
01:34:28.758 [main] DEBUG org.springframework.test.context.support.AbstractContextLoader - Did not detect default resource location for test class [app.CateringApplicationTests]: class path resource [app/CateringApplicationTestsContext.groovy] does not exist
01:34:28.759 [main] INFO org.springframework.test.context.support.AbstractContextLoader - Could not detect default resource locations for test class [app.CateringApplicationTests]: no resource found for suffixes {-context.xml, Context.groovy}.
01:34:28.761 [main] INFO org.springframework.test.context.support.AnnotationConfigContextLoaderUtils - Could not detect default configuration classes for test class [app.CateringApplicationTests]: CateringApplicationTests does not declare any static, non-private, non-final, nested classes annotated with @Configuration.
01:34:28.869 [main] DEBUG org.springframework.test.context.support.ActiveProfilesUtils - Could not find an 'annotation declaring class' for annotation type [org.springframework.test.context.ActiveProfiles] and class [app.CateringApplicationTests]
01:34:29.053 [main] DEBUG org.springframework.context.annotation.ClassPathScanningCandidateComponentProvider - Identified candidate component class: file [/home/eric/Documents/Java/Back-End/web/target/classes/app/CateringApplication.class]
01:34:29.055 [main] INFO org.springframework.boot.test.context.SpringBootTestContextBootstrapper - Found @SpringBootConfiguration app.CateringApplication for test class app.CateringApplicationTests
01:34:29.333 [main] DEBUG org.springframework.boot.test.context.SpringBootTestContextBootstrapper - @TestExecutionListeners is not present for class [app.CateringApplicationTests]: using defaults.
01:34:29.335 [main] INFO org.springframework.boot.test.context.SpringBootTestContextBootstrapper - Loaded default TestExecutionListener class names from location [META-INF/spring.factories]: [org.springframework.boot.test.mock.mockito.MockitoTestExecutionListener, org.springframework.boot.test.mock.mockito.ResetMocksTestExecutionListener, org.springframework.boot.test.autoconfigure.restdocs.RestDocsTestExecutionListener, org.springframework.boot.test.autoconfigure.web.client.MockRestServiceServerResetTestExecutionListener, org.springframework.boot.test.autoconfigure.web.servlet.MockMvcPrintOnlyOnFailureTestExecutionListener, org.springframework.boot.test.autoconfigure.web.servlet.WebDriverTestExecutionListener, org.springframework.test.context.web.ServletTestExecutionListener, org.springframework.test.context.support.DirtiesContextBeforeModesTestExecutionListener, org.springframework.test.context.support.DependencyInjectionTestExecutionListener, org.springframework.test.context.support.DirtiesContextTestExecutionListener, org.springframework.test.context.transaction.TransactionalTestExecutionListener, org.springframework.test.context.jdbc.SqlScriptsTestExecutionListener]
01:34:29.387 [main] INFO org.springframework.boot.test.context.SpringBootTestContextBootstrapper - Using TestExecutionListeners: [org.springframework.test.context.web.ServletTestExecutionListener@6d3ad37a, org.springframework.test.context.support.DirtiesContextBeforeModesTestExecutionListener@26f5e45d, org.springframework.boot.test.mock.mockito.MockitoTestExecutionListener@704c3bdf, org.springframework.boot.test.autoconfigure.SpringBootDependencyInjectionTestExecutionListener@37986daf, org.springframework.test.context.support.DirtiesContextTestExecutionListener@c82d925, org.springframework.test.context.transaction.TransactionalTestExecutionListener@55c03e4, org.springframework.test.context.jdbc.SqlScriptsTestExecutionListener@14df5253, org.springframework.boot.test.mock.mockito.ResetMocksTestExecutionListener@605eb072, org.springframework.boot.test.autoconfigure.restdocs.RestDocsTestExecutionListener@7a0f06ad, org.springframework.boot.test.autoconfigure.web.client.MockRestServiceServerResetTestExecutionListener@1fa9692b, org.springframework.boot.test.autoconfigure.web.servlet.MockMvcPrintOnlyOnFailureTestExecutionListener@710afd47, org.springframework.boot.test.autoconfigure.web.servlet.WebDriverTestExecutionListener@64420e34]
01:34:29.396 [main] DEBUG org.springframework.test.context.support.AbstractDirtiesContextTestExecutionListener - Before test class: context [DefaultTestContext@6f1d799 testClass = CateringApplicationTests, testInstance = [null], testMethod = [null], testException = [null], mergedContextConfiguration = [WebMergedContextConfiguration@ca2cd5e testClass = CateringApplicationTests, locations = '{}', classes = '{class app.CateringApplication}', contextInitializerClasses = '[]', activeProfiles = '{}', propertySourceLocations = '{}', propertySourceProperties = '{org.springframework.boot.test.context.SpringBootTestContextBootstrapper=true}', contextCustomizers = set[org.springframework.boot.test.context.filter.ExcludeFilterContextCustomizer@3e906375, org.springframework.boot.test.json.DuplicateJsonObjectContextCustomizerFactory$DuplicateJsonObjectContextCustomizer@3976ebfa, org.springframework.boot.test.mock.mockito.MockitoContextCustomizer@0, org.springframework.boot.test.web.client.TestRestTemplateContextCustomizer@365cdacf, org.springframework.boot.test.autoconfigure.properties.PropertyMappingContextCustomizer@0, org.springframework.boot.test.autoconfigure.web.servlet.WebDriverContextCustomizerFactory$Customizer@44fdce3c], resourceBasePath = 'src/main/webapp', contextLoader = 'org.springframework.boot.test.context.SpringBootContextLoader', parent = [null]], attributes = map['org.springframework.test.context.web.ServletTestExecutionListener.activateListener' -> true]], class annotated with @DirtiesContext [false] with mode [null].
01:34:29.465 [main] DEBUG org.springframework.test.context.support.TestPropertySourceUtils - Adding inlined properties to environment: {spring.jmx.enabled=false, org.springframework.boot.test.context.SpringBootTestContextBootstrapper=true, server.port=-1}

  .   ____          _            __ _ _
 /\\ / ___'_ __ _ _(_)_ __  __ _ \ \ \ \
( ( )\___ | '_ | '_| | '_ \/ _` | \ \ \ \
 \\/  ___)| |_)| | | | | || (_| |  ) ) ) )
  '  |____| .__|_| |_|_| |_\__, | / / / /
 =========|_|==============|___/=/_/_/_/
 :: Spring Boot ::        (v2.1.4.RELEASE)

2019-04-24 01:34:30.640  INFO 25838 --- [           main] app.CateringApplicationTests             : Starting CateringApplicationTests on pop-os with PID 25838 (started by eric in /home/eric/Documents/Java/Back-End/web)
2019-04-24 01:34:30.641  INFO 25838 --- [           main] app.CateringApplicationTests             : The following profiles are active: default
2019-04-24 01:34:30.741 DEBUG 25838 --- [           main] o.s.w.c.s.GenericWebApplicationContext   : Refreshing org.springframework.web.context.support.GenericWebApplicationContext@1181526e
2019-04-24 01:34:33.048  INFO 25838 --- [           main] .s.d.r.c.RepositoryConfigurationDelegate : Bootstrapping Spring Data repositories in DEFAULT mode.
2019-04-24 01:34:33.173  INFO 25838 --- [           main] .s.d.r.c.RepositoryConfigurationDelegate : Finished Spring Data repository scanning in 109ms. Found 1 repository interfaces.
2019-04-24 01:34:34.228  INFO 25838 --- [           main] trationDelegate$BeanPostProcessorChecker : Bean 'org.springframework.transaction.annotation.ProxyTransactionManagementConfiguration' of type [org.springframework.transaction.annotation.ProxyTransactionManagementConfiguration$$EnhancerBySpringCGLIB$$82739538] is not eligible for getting processed by all BeanPostProcessors (for example: not eligible for auto-proxying)
2019-04-24 01:34:34.705  INFO 25838 --- [           main] com.zaxxer.hikari.HikariDataSource       : HikariPool-1 - Starting...
2019-04-24 01:34:35.402  INFO 25838 --- [           main] com.zaxxer.hikari.HikariDataSource       : HikariPool-1 - Start completed.
2019-04-24 01:34:35.592  INFO 25838 --- [           main] o.hibernate.jpa.internal.util.LogHelper  : HHH000204: Processing PersistenceUnitInfo [
	name: default
	...]
2019-04-24 01:34:35.776  INFO 25838 --- [           main] org.hibernate.Version                    : HHH000412: Hibernate Core {5.3.9.Final}
2019-04-24 01:34:35.779  INFO 25838 --- [           main] org.hibernate.cfg.Environment            : HHH000206: hibernate.properties not found
2019-04-24 01:34:36.159  INFO 25838 --- [           main] o.hibernate.annotations.common.Version   : HCANN000001: Hibernate Commons Annotations {5.0.4.Final}
2019-04-24 01:34:36.535  INFO 25838 --- [           main] org.hibernate.dialect.Dialect            : HHH000400: Using dialect: org.hibernate.dialect.H2Dialect
Hibernate: drop table product if exists
Hibernate: drop table purchase if exists
Hibernate: drop table purchase_product if exists
Hibernate: drop table role if exists
Hibernate: drop table user if exists
Hibernate: create table product (id bigint generated by default as identity, description varchar(255), is_available boolean not null, title varchar(255) not null, unit_price DECIMAL(8, 2) not null check (unit_price>=0), primary key (id))
Hibernate: create table purchase (id bigint generated by default as identity, created TIMESTAMP DEFAULT CURRENT_TIMESTAMP, status varchar(255) not null, total double not null check (total>=0), user_id bigint, primary key (id))
Hibernate: create table purchase_product (id bigint generated by default as identity, product_id bigint, purchase_id bigint, primary key (id))
Hibernate: create table role (id bigint generated by default as identity, name varchar(255) not null, primary key (id))
Hibernate: create table user (id bigint generated by default as identity, created TIMESTAMP DEFAULT CURRENT_TIMESTAMP ON UPDATE CURRENT_TIMESTAMP, email varchar(255) not null, first_name varchar(255) not null, last_name varchar(255) not null, password varchar(255) not null, role_id bigint, primary key (id))
Hibernate: alter table purchase add constraint FK86i0stm7cqsglqptdvjij1k3m foreign key (user_id) references user
Hibernate: alter table purchase_product add constraint FKl1da8u1v57wry7sunkkgmjr8o foreign key (product_id) references product
Hibernate: alter table purchase_product add constraint FK1te3j5efipmc5c19wve8c90qd foreign key (purchase_id) references purchase
Hibernate: alter table user add constraint FKn82ha3ccdebhokx3a8fgdqeyy foreign key (role_id) references role
2019-04-24 01:34:38.541  INFO 25838 --- [           main] o.h.t.schema.internal.SchemaCreatorImpl  : HHH000476: Executing import script 'org.hibernate.tool.schema.internal.exec.ScriptSourceInputNonExistentImpl@4ac8f859'
2019-04-24 01:34:38.546  INFO 25838 --- [           main] j.LocalContainerEntityManagerFactoryBean : Initialized JPA EntityManagerFactory for persistence unit 'default'
2019-04-24 01:34:39.872  WARN 25838 --- [           main] aWebConfiguration$JpaWebMvcConfiguration : spring.jpa.open-in-view is enabled by default. Therefore, database queries may be performed during view rendering. Explicitly configure spring.jpa.open-in-view to disable this warning
2019-04-24 01:34:40.030 DEBUG 25838 --- [           main] s.w.s.m.m.a.RequestMappingHandlerMapping : 6 mappings in 'requestMappingHandlerMapping'
2019-04-24 01:34:40.324  INFO 25838 --- [           main] pertySourcedRequestMappingHandlerMapping : Mapped URL path [/v2/api-docs] onto method [public org.springframework.http.ResponseEntity<springfox.documentation.spring.web.json.Json> springfox.documentation.swagger2.web.Swagger2Controller.getDocumentation(java.lang.String,javax.servlet.http.HttpServletRequest)]
2019-04-24 01:34:40.810 DEBUG 25838 --- [           main] o.s.w.s.handler.SimpleUrlHandlerMapping  : Patterns [/**/favicon.ico] in 'faviconHandlerMapping'
2019-04-24 01:34:41.155  INFO 25838 --- [           main] o.s.s.concurrent.ThreadPoolTaskExecutor  : Initializing ExecutorService 'applicationTaskExecutor'
2019-04-24 01:34:41.200 DEBUG 25838 --- [           main] s.w.s.m.m.a.RequestMappingHandlerAdapter : ControllerAdvice beans: 0 @ModelAttribute, 0 @InitBinder, 1 RequestBodyAdvice, 1 ResponseBodyAdvice
2019-04-24 01:34:41.298 DEBUG 25838 --- [           main] o.s.w.s.handler.SimpleUrlHandlerMapping  : Patterns [/webjars/**, /**] in 'resourceHandlerMapping'
2019-04-24 01:34:41.349 DEBUG 25838 --- [           main] .m.m.a.ExceptionHandlerExceptionResolver : ControllerAdvice beans: 0 @ExceptionHandler, 1 ResponseBodyAdvice
2019-04-24 01:34:42.029  INFO 25838 --- [           main] d.s.w.p.DocumentationPluginsBootstrapper : Context refreshed
2019-04-24 01:34:42.079  INFO 25838 --- [           main] d.s.w.p.DocumentationPluginsBootstrapper : Found 1 custom documentation plugin(s)
2019-04-24 01:34:42.130  INFO 25838 --- [           main] s.d.s.w.s.ApiListingReferenceScanner     : Scanning for api listing references
2019-04-24 01:34:42.304  INFO 25838 --- [           main] app.CateringApplicationTests             : Started CateringApplicationTests in 12.811 seconds (JVM running for 15.375)
]]></system-out>
  </testcase>
</testsuite>